\BOOKMARK [1][-]{section.1}{\376\377\000I\000n\000t\000r\000o\000d\000u\000c\000c\000i\000\363\000n\000\040\000a\000l\000\040\000S\000i\000s\000t\000e\000m\000a\000\040\000C\000I\000E\000D}{}% 1
\BOOKMARK [2][-]{subsection.1.1}{\376\377\000P\000r\000o\000p\000\363\000s\000i\000t\000o\000\040\000y\000\040\000A\000l\000c\000a\000n\000c\000e}{section.1}% 2
\BOOKMARK [2][-]{subsection.1.2}{\376\377\000C\000o\000n\000t\000e\000x\000t\000o\000\040\000E\000d\000u\000c\000a\000t\000i\000v\000o}{section.1}% 3
\BOOKMARK [2][-]{subsection.1.3}{\376\377\000O\000b\000j\000e\000t\000i\000v\000o\000s\000\040\000P\000e\000d\000a\000g\000\363\000g\000i\000c\000o\000s}{section.1}% 4
\BOOKMARK [1][-]{section.2}{\376\377\000A\000r\000q\000u\000i\000t\000e\000c\000t\000u\000r\000a\000\040\000G\000e\000n\000e\000r\000a\000l}{}% 5
\BOOKMARK [2][-]{subsection.2.1}{\376\377\000P\000a\000t\000r\000o\000n\000e\000s\000\040\000d\000e\000\040\000D\000i\000s\000e\000\361\000o\000\040\000I\000m\000p\000l\000e\000m\000e\000n\000t\000a\000d\000o\000s}{section.2}% 6
\BOOKMARK [2][-]{subsection.2.2}{\376\377\000E\000s\000t\000r\000u\000c\000t\000u\000r\000a\000\040\000d\000e\000\040\000D\000i\000r\000e\000c\000t\000o\000r\000i\000o\000s}{section.2}% 7
\BOOKMARK [2][-]{subsection.2.3}{\376\377\000T\000e\000c\000n\000o\000l\000o\000g\000\355\000a\000s\000\040\000P\000r\000i\000n\000c\000i\000p\000a\000l\000e\000s}{section.2}% 8
\BOOKMARK [1][-]{section.3}{\376\377\000C\000o\000m\000p\000o\000n\000e\000n\000t\000e\000s\000\040\000P\000r\000i\000n\000c\000i\000p\000a\000l\000e\000s}{}% 9
\BOOKMARK [2][-]{subsection.3.1}{\376\377\000R\000e\000p\000o\000s\000i\000t\000o\000r\000i\000o\000\040\000d\000e\000\040\000E\000r\000r\000o\000r\000e\000s}{section.3}% 10
\BOOKMARK [3][-]{subsubsection.3.1.1}{\376\377\000E\000s\000t\000r\000u\000c\000t\000u\000r\000a\000\040\000d\000e\000\040\000D\000a\000t\000o\000s}{subsection.3.1}% 11
\BOOKMARK [3][-]{subsubsection.3.1.2}{\376\377\000R\000e\000p\000o\000s\000i\000t\000o\000r\000i\000o\000\040\000d\000e\000\040\000E\000r\000r\000o\000r\000e\000s\000\040\000\050\000E\000r\000r\000o\000r\000s\000R\000e\000p\000o\000s\000i\000t\000o\000r\000y\000\051}{subsection.3.1}% 12
\BOOKMARK [2][-]{subsection.3.2}{\376\377\000S\000i\000s\000t\000e\000m\000a\000\040\000d\000e\000\040\000Q\000u\000i\000z\000\040\000I\000n\000t\000e\000r\000a\000c\000t\000i\000v\000o}{section.3}% 13
\BOOKMARK [3][-]{subsubsection.3.2.1}{\376\377\000F\000r\000a\000m\000e\000w\000o\000r\000k\000\040\000d\000e\000\040\000S\000e\000m\000a\000n\000a\000s\000\040\000\050\000W\000e\000e\000k\000S\000p\000e\000c\000\051}{subsection.3.2}% 14
\BOOKMARK [3][-]{subsubsection.3.2.2}{\376\377\000G\000e\000n\000e\000r\000a\000d\000o\000r\000\040\000L\000L\000M\000\040\000\050\000L\000L\000M\000G\000e\000n\000e\000r\000a\000t\000o\000r\000\051}{subsection.3.2}% 15
\BOOKMARK [3][-]{subsubsection.3.2.3}{\376\377\000P\000o\000l\000\355\000t\000i\000c\000a\000\040\000P\000e\000d\000a\000g\000\363\000g\000i\000c\000a\000\040\0005\0000\000/\0005\0000}{subsection.3.2}% 16
\BOOKMARK [2][-]{subsection.3.3}{\376\377\000S\000i\000s\000t\000e\000m\000a\000\040\000d\000e\000\040\000R\000e\000m\000e\000d\000i\000a\000c\000i\000\363\000n}{section.3}% 17
\BOOKMARK [1][-]{section.4}{\376\377\000F\000l\000u\000j\000o\000\040\000d\000e\000\040\000F\000u\000n\000c\000i\000o\000n\000a\000m\000i\000e\000n\000t\000o}{}% 18
\BOOKMARK [2][-]{subsection.4.1}{\376\377\000F\000l\000u\000j\000o\000\040\000d\000e\000l\000\040\000Q\000u\000i\000z}{section.4}% 19
\BOOKMARK [2][-]{subsection.4.2}{\376\377\000A\000l\000g\000o\000r\000i\000t\000m\000o\000\040\000d\000e\000\040\000S\000e\000l\000e\000c\000c\000i\000\363\000n\000\040\000d\000e\000\040\000E\000j\000e\000r\000c\000i\000c\000i\000o\000s}{section.4}% 20
\BOOKMARK [2][-]{subsection.4.3}{\376\377\000P\000r\000o\000c\000e\000s\000a\000m\000i\000e\000n\000t\000o\000\040\000d\000e\000\040\000R\000e\000s\000p\000u\000e\000s\000t\000a\000s}{section.4}% 21
\BOOKMARK [1][-]{section.5}{\376\377\000A\000P\000I\000\040\000y\000\040\000E\000n\000d\000p\000o\000i\000n\000t\000s}{}% 22
\BOOKMARK [2][-]{subsection.5.1}{\376\377\000E\000n\000d\000p\000o\000i\000n\000t\000s\000\040\000P\000r\000i\000n\000c\000i\000p\000a\000l\000e\000s}{section.5}% 23
\BOOKMARK [2][-]{subsection.5.2}{\376\377\000E\000j\000e\000m\000p\000l\000o\000\040\000d\000e\000\040\000U\000s\000o\000\040\000d\000e\000\040\000l\000a\000\040\000A\000P\000I}{section.5}% 24
\BOOKMARK [1][-]{section.6}{\376\377\000C\000o\000n\000f\000i\000g\000u\000r\000a\000c\000i\000\363\000n\000\040\000y\000\040\000D\000e\000p\000l\000o\000y\000m\000e\000n\000t}{}% 25
\BOOKMARK [2][-]{subsection.6.1}{\376\377\000V\000a\000r\000i\000a\000b\000l\000e\000s\000\040\000d\000e\000\040\000E\000n\000t\000o\000r\000n\000o}{section.6}% 26
\BOOKMARK [2][-]{subsection.6.2}{\376\377\000D\000e\000p\000l\000o\000y\000m\000e\000n\000t\000\040\000e\000n\000\040\000P\000r\000o\000d\000u\000c\000c\000i\000\363\000n}{section.6}% 27
\BOOKMARK [1][-]{section.7}{\376\377\000E\000s\000c\000a\000l\000a\000b\000i\000l\000i\000d\000a\000d\000\040\000y\000\040\000E\000x\000t\000e\000n\000s\000i\000\363\000n}{}% 28
\BOOKMARK [2][-]{subsection.7.1}{\376\377\000A\000g\000r\000e\000g\000a\000r\000\040\000N\000u\000e\000v\000a\000\040\000S\000e\000m\000a\000n\000a}{section.7}% 29
\BOOKMARK [2][-]{subsection.7.2}{\376\377\000E\000x\000t\000e\000n\000s\000i\000\363\000n\000\040\000d\000e\000\040\000P\000r\000o\000v\000e\000e\000d\000o\000r\000e\000s\000\040\000L\000L\000M}{section.7}% 30
\BOOKMARK [1][-]{section.8}{\376\377\000C\000o\000n\000s\000i\000d\000e\000r\000a\000c\000i\000o\000n\000e\000s\000\040\000d\000e\000\040\000S\000e\000g\000u\000r\000i\000d\000a\000d}{}% 31
\BOOKMARK [2][-]{subsection.8.1}{\376\377\000P\000r\000o\000t\000e\000c\000c\000i\000\363\000n\000\040\000d\000e\000\040\000A\000P\000I\000\040\000K\000e\000y\000s}{section.8}% 32
\BOOKMARK [2][-]{subsection.8.2}{\376\377\000V\000a\000l\000i\000d\000a\000c\000i\000\363\000n\000\040\000d\000e\000\040\000E\000n\000t\000r\000a\000d\000a}{section.8}% 33
\BOOKMARK [1][-]{section.9}{\376\377\000T\000e\000s\000t\000i\000n\000g\000\040\000y\000\040\000C\000a\000l\000i\000d\000a\000d}{}% 34
\BOOKMARK [2][-]{subsection.9.1}{\376\377\000S\000u\000i\000t\000e\000\040\000d\000e\000\040\000P\000r\000u\000e\000b\000a\000s}{section.9}% 35
\BOOKMARK [2][-]{subsection.9.2}{\376\377\000V\000a\000l\000i\000d\000a\000c\000i\000\363\000n\000\040\000P\000e\000d\000a\000g\000\363\000g\000i\000c\000a}{section.9}% 36
\BOOKMARK [1][-]{section.10}{\376\377\000C\000o\000n\000c\000l\000u\000s\000i\000\363\000n}{}% 37
\BOOKMARK [2][-]{subsection.10.1}{\376\377\000L\000o\000g\000r\000o\000s\000\040\000A\000r\000q\000u\000i\000t\000e\000c\000t\000\363\000n\000i\000c\000o\000s}{section.10}% 38
\BOOKMARK [2][-]{subsection.10.2}{\376\377\000V\000e\000n\000t\000a\000j\000a\000s\000\040\000P\000e\000d\000a\000g\000\363\000g\000i\000c\000a\000s}{section.10}% 39
\BOOKMARK [2][-]{subsection.10.3}{\376\377\000F\000u\000t\000u\000r\000a\000s\000\040\000E\000x\000t\000e\000n\000s\000i\000o\000n\000e\000s}{section.10}% 40
